2020-12-15 16:14:28 SEVERE: Exception occured while Saving OAuthTokens to file(file::ZohoOAuthPersistenceByFile)(file_get_contents(/storage/zcrm_oauthtokens.txt/zcrm_oauthtokens.txt): failed to open stream: No such file or directory)
ErrorException: file_get_contents(/storage/zcrm_oauthtokens.txt/zcrm_oauthtokens.txt): failed to open stream: No such file or directory in F:\laragon\www\zoho-app\vendor\zohocrm\php-sdk-archive\src\oauth\persistence\ZohoOAuthPersistenceByFile.php:72
Stack trace:
#0 [internal function]: Illuminate\Foundation\Bootstrap\HandleExceptions->handleError(2, 'file_get_conten...', 'F:\\laragon\\www\\...', 72, Array)
#1 F:\laragon\www\zoho-app\vendor\zohocrm\php-sdk-archive\src\oauth\persistence\ZohoOAuthPersistenceByFile.php(72): file_get_contents('/storage/zcrm_o...')
#2 F:\laragon\www\zoho-app\vendor\zohocrm\php-sdk-archive\src\oauth\persistence\ZohoOAuthPersistenceByFile.php(23): zcrmsdk\oauth\persistence\ZohoOAuthPersistenceByFile->deleteOAuthTokens('st3am.pwr@gmail...')
#3 F:\laragon\www\zoho-app\vendor\zohocrm\php-sdk-archive\src\oauth\ZohoOAuthClient.php(97): zcrmsdk\oauth\persistence\ZohoOAuthPersistenceByFile->saveOAuthData(Object(zcrmsdk\oauth\utility\ZohoOAuthTokens))
#4 F:\laragon\www\zoho-app\vendor\zohocrm\php-sdk-archive\src\oauth\ZohoOAuthClient.php(78): zcrmsdk\oauth\ZohoOAuthClient->refreshAccessToken('1000.07958344b8...', 'st3am.pwr@gmail...')
#5 F:\laragon\www\zoho-app\app\Clients\ZOHOClient.php(33): zcrmsdk\oauth\ZohoOAuthClient->generateAccessTokenFromRefreshToken('1000.07958344b8...', 'st3am.pwr@gmail...')
#6 F:\laragon\www\zoho-app\app\Http\Livewire\LeadCreate.php(33): App\Clients\ZOHOClient->init()
#7 F:\laragon\www\zoho-app\vendor\laravel\framework\src\Illuminate\Container\BoundMethod.php(36): App\Http\Livewire\LeadCreate->saveLead()
#8 F:\laragon\www\zoho-app\vendor\laravel\framework\src\Illuminate\Container\Util.php(40): Illuminate\Container\BoundMethod::Illuminate\Container\{closure}()
#9 F:\laragon\www\zoho-app\vendor\laravel\framework\src\Illuminate\Container\BoundMethod.php(93): Illuminate\Container\Util::unwrapIfClosure(Object(Closure))
#10 F:\laragon\www\zoho-app\vendor\laravel\framework\src\Illuminate\Container\BoundMethod.php(37): Illuminate\Container\BoundMethod::callBoundMethod(Object(Illuminate\Foundation\Application), Array, Object(Closure))
#11 F:\laragon\www\zoho-app\vendor\livewire\livewire\src\ComponentConcerns\HandlesActions.php(138): Illuminate\Container\BoundMethod::call(Object(Illuminate\Foundation\Application), Array, Array)
#12 F:\laragon\www\zoho-app\vendor\livewire\livewire\src\HydrationMiddleware\PerformActionCalls.php(19): Livewire\Component->callMethod('saveLead', Array)
#13 F:\laragon\www\zoho-app\vendor\livewire\livewire\src\LifecycleManager.php(70): Livewire\HydrationMiddleware\PerformActionCalls::hydrate(Object(App\Http\Livewire\LeadCreate), Object(Livewire\Request))
#14 F:\laragon\www\zoho-app\vendor\livewire\livewire\src\Connection\ConnectionHandler.php(12): Livewire\LifecycleManager->hydrate()
#15 F:\laragon\www\zoho-app\vendor\livewire\livewire\src\Controllers\HttpConnectionHandler.php(13): Livewire\Connection\ConnectionHandler->handle(Array)
#16 F:\laragon\www\zoho-app\vendor\laravel\framework\src\Illuminate\Routing\ControllerDispatcher.php(48): Livewire\Controllers\HttpConnectionHandler->__invoke('lead-create')
#17 F:\laragon\www\zoho-app\vendor\laravel\framework\src\Illuminate\Routing\Route.php(254): Illuminate\Routing\ControllerDispatcher->dispatch(Object(Illuminate\Routing\Route), Object(Livewire\Controllers\HttpConnectionHandler), '__invoke')
#18 F:\laragon\www\zoho-app\vendor\laravel\framework\src\Illuminate\Routing\Route.php(197): Illuminate\Routing\Route->runController()
#19 F:\laragon\www\zoho-app\vendor\laravel\framework\src\Illuminate\Routing\Router.php(692): Illuminate\Routing\Route->run()
#20 F:\laragon\www\zoho-app\vendor\laravel\framework\src\Illuminate\Pipeline\Pipeline.php(128): Illuminate\Routing\Router->Illuminate\Routing\{closure}(Object(Illuminate\Http\Request))
#21 F:\laragon\www\zoho-app\vendor\laravel\framework\src\Illuminate\Routing\Middleware\SubstituteBindings.php(41): Illuminate\Pipeline\Pipeline->Illuminate\Pipeline\{closure}(Object(Illuminate\Http\Request))
#22 F:\laragon\www\zoho-app\vendor\laravel\framework\src\Illuminate\Pipeline\Pipeline.php(167): Illuminate\Routing\Middleware\SubstituteBindings->handle(Object(Illuminate\Http\Request), Object(Closure))
#23 F:\laragon\www\zoho-app\vendor\laravel\framework\src\Illuminate\Foundation\Http\Middleware\VerifyCsrfToken.php(77): Illuminate\Pipeline\Pipeline->Illuminate\Pipeline\{closure}(Object(Illuminate\Http\Request))
#24 F:\laragon\www\zoho-app\vendor\laravel\framework\src\Illuminate\Pipeline\Pipeline.php(167): Illuminate\Foundation\Http\Middleware\VerifyCsrfToken->handle(Object(Illuminate\Http\Request), Object(Closure))
#25 F:\laragon\www\zoho-app\vendor\laravel\framework\src\Illuminate\View\Middleware\ShareErrorsFromSession.php(49): Illuminate\Pipeline\Pipeline->Illuminate\Pipeline\{closure}(Object(Illuminate\Http\Request))
#26 F:\laragon\www\zoho-app\vendor\laravel\framework\src\Illuminate\Pipeline\Pipeline.php(167): Illuminate\View\Middleware\ShareErrorsFromSession->handle(Object(Illuminate\Http\Request), Object(Closure))
#27 F:\laragon\www\zoho-app\vendor\laravel\framework\src\Illuminate\Session\Middleware\AuthenticateSession.php(58): Illuminate\Pipeline\Pipeline->Illuminate\Pipeline\{closure}(Object(Illuminate\Http\Request))
#28 F:\laragon\www\zoho-app\vendor\laravel\framework\src\Illuminate\Pipeline\Pipeline.php(167): Illuminate\Session\Middleware\AuthenticateSession->handle(Object(Illuminate\Http\Request), Object(Closure))
#29 F:\laragon\www\zoho-app\vendor\laravel\framework\src\Illuminate\Session\Middleware\StartSession.php(121): Illuminate\Pipeline\Pipeline->Illuminate\Pipeline\{closure}(Object(Illuminate\Http\Request))
#30 F:\laragon\www\zoho-app\vendor\laravel\framework\src\Illuminate\Session\Middleware\StartSession.php(63): Illuminate\Session\Middleware\StartSession->handleStatefulRequest(Object(Illuminate\Http\Request), Object(Illuminate\Session\Store), Object(Closure))
#31 F:\laragon\www\zoho-app\vendor\laravel\framework\src\Illuminate\Pipeline\Pipeline.php(167): Illuminate\Session\Middleware\StartSession->handle(Object(Illuminate\Http\Request), Object(Closure))
#32 F:\laragon\www\zoho-app\vendor\laravel\framework\src\Illuminate\Cookie\Middleware\AddQueuedCookiesToResponse.php(37): Illuminate\Pipeline\Pipeline->Illuminate\Pipeline\{closure}(Object(Illuminate\Http\Request))
#33 F:\laragon\www\zoho-app\vendor\laravel\framework\src\Illuminate\Pipeline\Pipeline.php(167): Illuminate\Cookie\Middleware\AddQueuedCookiesToResponse->handle(Object(Illuminate\Http\Request), Object(Closure))
#34 F:\laragon\www\zoho-app\vendor\laravel\framework\src\Illuminate\Cookie\Middleware\EncryptCookies.php(67): Illuminate\Pipeline\Pipeline->Illuminate\Pipeline\{closure}(Object(Illuminate\Http\Request))
#35 F:\laragon\www\zoho-app\vendor\laravel\framework\src\Illuminate\Pipeline\Pipeline.php(167): Illuminate\Cookie\Middleware\EncryptCookies->handle(Object(Illuminate\Http\Request), Object(Closure))
#36 F:\laragon\www\zoho-app\vendor\laravel\framework\src\Illuminate\Pipeline\Pipeline.php(103): Illuminate\Pipeline\Pipeline->Illuminate\Pipeline\{closure}(Object(Illuminate\Http\Request))
#37 F:\laragon\www\zoho-app\vendor\laravel\framework\src\Illuminate\Routing\Router.php(694): Illuminate\Pipeline\Pipeline->then(Object(Closure))
#38 F:\laragon\www\zoho-app\vendor\laravel\framework\src\Illuminate\Routing\Router.php(669): Illuminate\Routing\Router->runRouteWithinStack(Object(Illuminate\Routing\Route), Object(Illuminate\Http\Request))
#39 F:\laragon\www\zoho-app\vendor\laravel\framework\src\Illuminate\Routing\Router.php(635): Illuminate\Routing\Router->runRoute(Object(Illuminate\Http\Request), Object(Illuminate\Routing\Route))
#40 F:\laragon\www\zoho-app\vendor\laravel\framework\src\Illuminate\Routing\Router.php(624): Illuminate\Routing\Router->dispatchToRoute(Object(Illuminate\Http\Request))
#41 F:\laragon\www\zoho-app\vendor\laravel\framework\src\Illuminate\Foundation\Http\Kernel.php(166): Illuminate\Routing\Router->dispatch(Object(Illuminate\Http\Request))
#42 F:\laragon\www\zoho-app\vendor\laravel\framework\src\Illuminate\Pipeline\Pipeline.php(128): Illuminate\Foundation\Http\Kernel->Illuminate\Foundation\Http\{closure}(Object(Illuminate\Http\Request))
#43 F:\laragon\www\zoho-app\vendor\laravel\framework\src\Illuminate\Foundation\Http\Middleware\ValidatePostSize.php(27): Illuminate\Pipeline\Pipeline->Illuminate\Pipeline\{closure}(Object(Illuminate\Http\Request))
#44 F:\laragon\www\zoho-app\vendor\laravel\framework\src\Illuminate\Pipeline\Pipeline.php(167): Illuminate\Foundation\Http\Middleware\ValidatePostSize->handle(Object(Illuminate\Http\Request), Object(Closure))
#45 F:\laragon\www\zoho-app\vendor\laravel\framework\src\Illuminate\Foundation\Http\Middleware\PreventRequestsDuringMaintenance.php(87): Illuminate\Pipeline\Pipeline->Illuminate\Pipeline\{closure}(Object(Illuminate\Http\Request))
#46 F:\laragon\www\zoho-app\vendor\laravel\framework\src\Illuminate\Pipeline\Pipeline.php(167): Illuminate\Foundation\Http\Middleware\PreventRequestsDuringMaintenance->handle(Object(Illuminate\Http\Request), Object(Closure))
#47 F:\laragon\www\zoho-app\vendor\fruitcake\laravel-cors\src\HandleCors.php(37): Illuminate\Pipeline\Pipeline->Illuminate\Pipeline\{closure}(Object(Illuminate\Http\Request))
#48 F:\laragon\www\zoho-app\vendor\laravel\framework\src\Illuminate\Pipeline\Pipeline.php(167): Fruitcake\Cors\HandleCors->handle(Object(Illuminate\Http\Request), Object(Closure))
#49 F:\laragon\www\zoho-app\vendor\fideloper\proxy\src\TrustProxies.php(57): Illuminate\Pipeline\Pipeline->Illuminate\Pipeline\{closure}(Object(Illuminate\Http\Request))
#50 F:\laragon\www\zoho-app\vendor\laravel\framework\src\Illuminate\Pipeline\Pipeline.php(167): Fideloper\Proxy\TrustProxies->handle(Object(Illuminate\Http\Request), Object(Closure))
#51 F:\laragon\www\zoho-app\vendor\laravel\framework\src\Illuminate\Pipeline\Pipeline.php(103): Illuminate\Pipeline\Pipeline->Illuminate\Pipeline\{closure}(Object(Illuminate\Http\Request))
#52 F:\laragon\www\zoho-app\vendor\laravel\framework\src\Illuminate\Foundation\Http\Kernel.php(141): Illuminate\Pipeline\Pipeline->then(Object(Closure))
#53 F:\laragon\www\zoho-app\vendor\laravel\framework\src\Illuminate\Foundation\Http\Kernel.php(110): Illuminate\Foundation\Http\Kernel->sendRequestThroughRouter(Object(Illuminate\Http\Request))
#54 F:\laragon\www\zoho-app\public\index.php(52): Illuminate\Foundation\Http\Kernel->handle(Object(Illuminate\Http\Request))
#55 {main}
2020-12-15 16:14:28 SEVERE: Exception occured while Saving OAuthTokens to file(file::ZohoOAuthPersistenceByFile)(file_get_contents(/storage/zcrm_oauthtokens.txt/zcrm_oauthtokens.txt): failed to open stream: No such file or directory)
ErrorException: file_get_contents(/storage/zcrm_oauthtokens.txt/zcrm_oauthtokens.txt): failed to open stream: No such file or directory in F:\laragon\www\zoho-app\vendor\zohocrm\php-sdk-archive\src\oauth\persistence\ZohoOAuthPersistenceByFile.php:72
Stack trace:
#0 [internal function]: Illuminate\Foundation\Bootstrap\HandleExceptions->handleError(2, 'file_get_conten...', 'F:\\laragon\\www\\...', 72, Array)
#1 F:\laragon\www\zoho-app\vendor\zohocrm\php-sdk-archive\src\oauth\persistence\ZohoOAuthPersistenceByFile.php(72): file_get_contents('/storage/zcrm_o...')
#2 F:\laragon\www\zoho-app\vendor\zohocrm\php-sdk-archive\src\oauth\persistence\ZohoOAuthPersistenceByFile.php(23): zcrmsdk\oauth\persistence\ZohoOAuthPersistenceByFile->deleteOAuthTokens('st3am.pwr@gmail...')
#3 F:\laragon\www\zoho-app\vendor\zohocrm\php-sdk-archive\src\oauth\ZohoOAuthClient.php(97): zcrmsdk\oauth\persistence\ZohoOAuthPersistenceByFile->saveOAuthData(Object(zcrmsdk\oauth\utility\ZohoOAuthTokens))
#4 F:\laragon\www\zoho-app\vendor\zohocrm\php-sdk-archive\src\oauth\ZohoOAuthClient.php(78): zcrmsdk\oauth\ZohoOAuthClient->refreshAccessToken('1000.07958344b8...', 'st3am.pwr@gmail...')
#5 F:\laragon\www\zoho-app\app\Clients\ZOHOClient.php(33): zcrmsdk\oauth\ZohoOAuthClient->generateAccessTokenFromRefreshToken('1000.07958344b8...', 'st3am.pwr@gmail...')
#6 F:\laragon\www\zoho-app\app\Http\Livewire\LeadCreate.php(33): App\Clients\ZOHOClient->init()
#7 F:\laragon\www\zoho-app\vendor\laravel\framework\src\Illuminate\Container\BoundMethod.php(36): App\Http\Livewire\LeadCreate->saveLead()
#8 F:\laragon\www\zoho-app\vendor\laravel\framework\src\Illuminate\Container\Util.php(40): Illuminate\Container\BoundMethod::Illuminate\Container\{closure}()
#9 F:\laragon\www\zoho-app\vendor\laravel\framework\src\Illuminate\Container\BoundMethod.php(93): Illuminate\Container\Util::unwrapIfClosure(Object(Closure))
#10 F:\laragon\www\zoho-app\vendor\laravel\framework\src\Illuminate\Container\BoundMethod.php(37): Illuminate\Container\BoundMethod::callBoundMethod(Object(Illuminate\Foundation\Application), Array, Object(Closure))
#11 F:\laragon\www\zoho-app\vendor\livewire\livewire\src\ComponentConcerns\HandlesActions.php(138): Illuminate\Container\BoundMethod::call(Object(Illuminate\Foundation\Application), Array, Array)
#12 F:\laragon\www\zoho-app\vendor\livewire\livewire\src\HydrationMiddleware\PerformActionCalls.php(19): Livewire\Component->callMethod('saveLead', Array)
#13 F:\laragon\www\zoho-app\vendor\livewire\livewire\src\LifecycleManager.php(70): Livewire\HydrationMiddleware\PerformActionCalls::hydrate(Object(App\Http\Livewire\LeadCreate), Object(Livewire\Request))
#14 F:\laragon\www\zoho-app\vendor\livewire\livewire\src\Connection\ConnectionHandler.php(12): Livewire\LifecycleManager->hydrate()
#15 F:\laragon\www\zoho-app\vendor\livewire\livewire\src\Controllers\HttpConnectionHandler.php(13): Livewire\Connection\ConnectionHandler->handle(Array)
#16 F:\laragon\www\zoho-app\vendor\laravel\framework\src\Illuminate\Routing\ControllerDispatcher.php(48): Livewire\Controllers\HttpConnectionHandler->__invoke('lead-create')
#17 F:\laragon\www\zoho-app\vendor\laravel\framework\src\Illuminate\Routing\Route.php(254): Illuminate\Routing\ControllerDispatcher->dispatch(Object(Illuminate\Routing\Route), Object(Livewire\Controllers\HttpConnectionHandler), '__invoke')
#18 F:\laragon\www\zoho-app\vendor\laravel\framework\src\Illuminate\Routing\Route.php(197): Illuminate\Routing\Route->runController()
#19 F:\laragon\www\zoho-app\vendor\laravel\framework\src\Illuminate\Routing\Router.php(692): Illuminate\Routing\Route->run()
#20 F:\laragon\www\zoho-app\vendor\laravel\framework\src\Illuminate\Pipeline\Pipeline.php(128): Illuminate\Routing\Router->Illuminate\Routing\{closure}(Object(Illuminate\Http\Request))
#21 F:\laragon\www\zoho-app\vendor\laravel\framework\src\Illuminate\Routing\Middleware\SubstituteBindings.php(41): Illuminate\Pipeline\Pipeline->Illuminate\Pipeline\{closure}(Object(Illuminate\Http\Request))
#22 F:\laragon\www\zoho-app\vendor\laravel\framework\src\Illuminate\Pipeline\Pipeline.php(167): Illuminate\Routing\Middleware\SubstituteBindings->handle(Object(Illuminate\Http\Request), Object(Closure))
#23 F:\laragon\www\zoho-app\vendor\laravel\framework\src\Illuminate\Foundation\Http\Middleware\VerifyCsrfToken.php(77): Illuminate\Pipeline\Pipeline->Illuminate\Pipeline\{closure}(Object(Illuminate\Http\Request))
#24 F:\laragon\www\zoho-app\vendor\laravel\framework\src\Illuminate\Pipeline\Pipeline.php(167): Illuminate\Foundation\Http\Middleware\VerifyCsrfToken->handle(Object(Illuminate\Http\Request), Object(Closure))
#25 F:\laragon\www\zoho-app\vendor\laravel\framework\src\Illuminate\View\Middleware\ShareErrorsFromSession.php(49): Illuminate\Pipeline\Pipeline->Illuminate\Pipeline\{closure}(Object(Illuminate\Http\Request))
#26 F:\laragon\www\zoho-app\vendor\laravel\framework\src\Illuminate\Pipeline\Pipeline.php(167): Illuminate\View\Middleware\ShareErrorsFromSession->handle(Object(Illuminate\Http\Request), Object(Closure))
#27 F:\laragon\www\zoho-app\vendor\laravel\framework\src\Illuminate\Session\Middleware\AuthenticateSession.php(58): Illuminate\Pipeline\Pipeline->Illuminate\Pipeline\{closure}(Object(Illuminate\Http\Request))
#28 F:\laragon\www\zoho-app\vendor\laravel\framework\src\Illuminate\Pipeline\Pipeline.php(167): Illuminate\Session\Middleware\AuthenticateSession->handle(Object(Illuminate\Http\Request), Object(Closure))
#29 F:\laragon\www\zoho-app\vendor\laravel\framework\src\Illuminate\Session\Middleware\StartSession.php(121): Illuminate\Pipeline\Pipeline->Illuminate\Pipeline\{closure}(Object(Illuminate\Http\Request))
#30 F:\laragon\www\zoho-app\vendor\laravel\framework\src\Illuminate\Session\Middleware\StartSession.php(63): Illuminate\Session\Middleware\StartSession->handleStatefulRequest(Object(Illuminate\Http\Request), Object(Illuminate\Session\Store), Object(Closure))
#31 F:\laragon\www\zoho-app\vendor\laravel\framework\src\Illuminate\Pipeline\Pipeline.php(167): Illuminate\Session\Middleware\StartSession->handle(Object(Illuminate\Http\Request), Object(Closure))
#32 F:\laragon\www\zoho-app\vendor\laravel\framework\src\Illuminate\Cookie\Middleware\AddQueuedCookiesToResponse.php(37): Illuminate\Pipeline\Pipeline->Illuminate\Pipeline\{closure}(Object(Illuminate\Http\Request))
#33 F:\laragon\www\zoho-app\vendor\laravel\framework\src\Illuminate\Pipeline\Pipeline.php(167): Illuminate\Cookie\Middleware\AddQueuedCookiesToResponse->handle(Object(Illuminate\Http\Request), Object(Closure))
#34 F:\laragon\www\zoho-app\vendor\laravel\framework\src\Illuminate\Cookie\Middleware\EncryptCookies.php(67): Illuminate\Pipeline\Pipeline->Illuminate\Pipeline\{closure}(Object(Illuminate\Http\Request))
#35 F:\laragon\www\zoho-app\vendor\laravel\framework\src\Illuminate\Pipeline\Pipeline.php(167): Illuminate\Cookie\Middleware\EncryptCookies->handle(Object(Illuminate\Http\Request), Object(Closure))
#36 F:\laragon\www\zoho-app\vendor\laravel\framework\src\Illuminate\Pipeline\Pipeline.php(103): Illuminate\Pipeline\Pipeline->Illuminate\Pipeline\{closure}(Object(Illuminate\Http\Request))
#37 F:\laragon\www\zoho-app\vendor\laravel\framework\src\Illuminate\Routing\Router.php(694): Illuminate\Pipeline\Pipeline->then(Object(Closure))
#38 F:\laragon\www\zoho-app\vendor\laravel\framework\src\Illuminate\Routing\Router.php(669): Illuminate\Routing\Router->runRouteWithinStack(Object(Illuminate\Routing\Route), Object(Illuminate\Http\Request))
#39 F:\laragon\www\zoho-app\vendor\laravel\framework\src\Illuminate\Routing\Router.php(635): Illuminate\Routing\Router->runRoute(Object(Illuminate\Http\Request), Object(Illuminate\Routing\Route))
#40 F:\laragon\www\zoho-app\vendor\laravel\framework\src\Illuminate\Routing\Router.php(624): Illuminate\Routing\Router->dispatchToRoute(Object(Illuminate\Http\Request))
#41 F:\laragon\www\zoho-app\vendor\laravel\framework\src\Illuminate\Foundation\Http\Kernel.php(166): Illuminate\Routing\Router->dispatch(Object(Illuminate\Http\Request))
#42 F:\laragon\www\zoho-app\vendor\laravel\framework\src\Illuminate\Pipeline\Pipeline.php(128): Illuminate\Foundation\Http\Kernel->Illuminate\Foundation\Http\{closure}(Object(Illuminate\Http\Request))
#43 F:\laragon\www\zoho-app\vendor\laravel\framework\src\Illuminate\Foundation\Http\Middleware\ValidatePostSize.php(27): Illuminate\Pipeline\Pipeline->Illuminate\Pipeline\{closure}(Object(Illuminate\Http\Request))
#44 F:\laragon\www\zoho-app\vendor\laravel\framework\src\Illuminate\Pipeline\Pipeline.php(167): Illuminate\Foundation\Http\Middleware\ValidatePostSize->handle(Object(Illuminate\Http\Request), Object(Closure))
#45 F:\laragon\www\zoho-app\vendor\laravel\framework\src\Illuminate\Foundation\Http\Middleware\PreventRequestsDuringMaintenance.php(87): Illuminate\Pipeline\Pipeline->Illuminate\Pipeline\{closure}(Object(Illuminate\Http\Request))
#46 F:\laragon\www\zoho-app\vendor\laravel\framework\src\Illuminate\Pipeline\Pipeline.php(167): Illuminate\Foundation\Http\Middleware\PreventRequestsDuringMaintenance->handle(Object(Illuminate\Http\Request), Object(Closure))
#47 F:\laragon\www\zoho-app\vendor\fruitcake\laravel-cors\src\HandleCors.php(37): Illuminate\Pipeline\Pipeline->Illuminate\Pipeline\{closure}(Object(Illuminate\Http\Request))
#48 F:\laragon\www\zoho-app\vendor\laravel\framework\src\Illuminate\Pipeline\Pipeline.php(167): Fruitcake\Cors\HandleCors->handle(Object(Illuminate\Http\Request), Object(Closure))
#49 F:\laragon\www\zoho-app\vendor\fideloper\proxy\src\TrustProxies.php(57): Illuminate\Pipeline\Pipeline->Illuminate\Pipeline\{closure}(Object(Illuminate\Http\Request))
#50 F:\laragon\www\zoho-app\vendor\laravel\framework\src\Illuminate\Pipeline\Pipeline.php(167): Fideloper\Proxy\TrustProxies->handle(Object(Illuminate\Http\Request), Object(Closure))
#51 F:\laragon\www\zoho-app\vendor\laravel\framework\src\Illuminate\Pipeline\Pipeline.php(103): Illuminate\Pipeline\Pipeline->Illuminate\Pipeline\{closure}(Object(Illuminate\Http\Request))
#52 F:\laragon\www\zoho-app\vendor\laravel\framework\src\Illuminate\Foundation\Http\Kernel.php(141): Illuminate\Pipeline\Pipeline->then(Object(Closure))
#53 F:\laragon\www\zoho-app\vendor\laravel\framework\src\Illuminate\Foundation\Http\Kernel.php(110): Illuminate\Foundation\Http\Kernel->sendRequestThroughRouter(Object(Illuminate\Http\Request))
#54 F:\laragon\www\zoho-app\public\index.php(52): Illuminate\Foundation\Http\Kernel->handle(Object(Illuminate\Http\Request))
#55 {main}
2020-12-15 16:16:46 SEVERE: Exception occured while Saving OAuthTokens to file(file::ZohoOAuthPersistenceByFile)(file_get_contents(/storage/zcrm_oauthtokens.txt): failed to open stream: No such file or directory)
ErrorException: file_get_contents(/storage/zcrm_oauthtokens.txt): failed to open stream: No such file or directory in F:\laragon\www\zoho-app\vendor\zohocrm\php-sdk-archive\src\oauth\persistence\ZohoOAuthPersistenceByFile.php:72
Stack trace:
#0 [internal function]: Illuminate\Foundation\Bootstrap\HandleExceptions->handleError(2, 'file_get_conten...', 'F:\\laragon\\www\\...', 72, Array)
#1 F:\laragon\www\zoho-app\vendor\zohocrm\php-sdk-archive\src\oauth\persistence\ZohoOAuthPersistenceByFile.php(72): file_get_contents('/storage/zcrm_o...')
#2 F:\laragon\www\zoho-app\vendor\zohocrm\php-sdk-archive\src\oauth\persistence\ZohoOAuthPersistenceByFile.php(23): zcrmsdk\oauth\persistence\ZohoOAuthPersistenceByFile->deleteOAuthTokens('st3am.pwr@gmail...')
#3 F:\laragon\www\zoho-app\vendor\zohocrm\php-sdk-archive\src\oauth\ZohoOAuthClient.php(97): zcrmsdk\oauth\persistence\ZohoOAuthPersistenceByFile->saveOAuthData(Object(zcrmsdk\oauth\utility\ZohoOAuthTokens))
#4 F:\laragon\www\zoho-app\vendor\zohocrm\php-sdk-archive\src\oauth\ZohoOAuthClient.php(78): zcrmsdk\oauth\ZohoOAuthClient->refreshAccessToken('1000.07958344b8...', 'st3am.pwr@gmail...')
#5 F:\laragon\www\zoho-app\app\Clients\ZOHOClient.php(33): zcrmsdk\oauth\ZohoOAuthClient->generateAccessTokenFromRefreshToken('1000.07958344b8...', 'st3am.pwr@gmail...')
#6 F:\laragon\www\zoho-app\app\Http\Livewire\LeadCreate.php(33): App\Clients\ZOHOClient->init()
#7 F:\laragon\www\zoho-app\vendor\laravel\framework\src\Illuminate\Container\BoundMethod.php(36): App\Http\Livewire\LeadCreate->saveLead()
#8 F:\laragon\www\zoho-app\vendor\laravel\framework\src\Illuminate\Container\Util.php(40): Illuminate\Container\BoundMethod::Illuminate\Container\{closure}()
#9 F:\laragon\www\zoho-app\vendor\laravel\framework\src\Illuminate\Container\BoundMethod.php(93): Illuminate\Container\Util::unwrapIfClosure(Object(Closure))
#10 F:\laragon\www\zoho-app\vendor\laravel\framework\src\Illuminate\Container\BoundMethod.php(37): Illuminate\Container\BoundMethod::callBoundMethod(Object(Illuminate\Foundation\Application), Array, Object(Closure))
#11 F:\laragon\www\zoho-app\vendor\livewire\livewire\src\ComponentConcerns\HandlesActions.php(138): Illuminate\Container\BoundMethod::call(Object(Illuminate\Foundation\Application), Array, Array)
#12 F:\laragon\www\zoho-app\vendor\livewire\livewire\src\HydrationMiddleware\PerformActionCalls.php(19): Livewire\Component->callMethod('saveLead', Array)
#13 F:\laragon\www\zoho-app\vendor\livewire\livewire\src\LifecycleManager.php(70): Livewire\HydrationMiddleware\PerformActionCalls::hydrate(Object(App\Http\Livewire\LeadCreate), Object(Livewire\Request))
#14 F:\laragon\www\zoho-app\vendor\livewire\livewire\src\Connection\ConnectionHandler.php(12): Livewire\LifecycleManager->hydrate()
#15 F:\laragon\www\zoho-app\vendor\livewire\livewire\src\Controllers\HttpConnectionHandler.php(13): Livewire\Connection\ConnectionHandler->handle(Array)
#16 F:\laragon\www\zoho-app\vendor\laravel\framework\src\Illuminate\Routing\ControllerDispatcher.php(48): Livewire\Controllers\HttpConnectionHandler->__invoke('lead-create')
#17 F:\laragon\www\zoho-app\vendor\laravel\framework\src\Illuminate\Routing\Route.php(254): Illuminate\Routing\ControllerDispatcher->dispatch(Object(Illuminate\Routing\Route), Object(Livewire\Controllers\HttpConnectionHandler), '__invoke')
#18 F:\laragon\www\zoho-app\vendor\laravel\framework\src\Illuminate\Routing\Route.php(197): Illuminate\Routing\Route->runController()
#19 F:\laragon\www\zoho-app\vendor\laravel\framework\src\Illuminate\Routing\Router.php(692): Illuminate\Routing\Route->run()
#20 F:\laragon\www\zoho-app\vendor\laravel\framework\src\Illuminate\Pipeline\Pipeline.php(128): Illuminate\Routing\Router->Illuminate\Routing\{closure}(Object(Illuminate\Http\Request))
#21 F:\laragon\www\zoho-app\vendor\laravel\framework\src\Illuminate\Routing\Middleware\SubstituteBindings.php(41): Illuminate\Pipeline\Pipeline->Illuminate\Pipeline\{closure}(Object(Illuminate\Http\Request))
#22 F:\laragon\www\zoho-app\vendor\laravel\framework\src\Illuminate\Pipeline\Pipeline.php(167): Illuminate\Routing\Middleware\SubstituteBindings->handle(Object(Illuminate\Http\Request), Object(Closure))
#23 F:\laragon\www\zoho-app\vendor\laravel\framework\src\Illuminate\Foundation\Http\Middleware\VerifyCsrfToken.php(77): Illuminate\Pipeline\Pipeline->Illuminate\Pipeline\{closure}(Object(Illuminate\Http\Request))
#24 F:\laragon\www\zoho-app\vendor\laravel\framework\src\Illuminate\Pipeline\Pipeline.php(167): Illuminate\Foundation\Http\Middleware\VerifyCsrfToken->handle(Object(Illuminate\Http\Request), Object(Closure))
#25 F:\laragon\www\zoho-app\vendor\laravel\framework\src\Illuminate\View\Middleware\ShareErrorsFromSession.php(49): Illuminate\Pipeline\Pipeline->Illuminate\Pipeline\{closure}(Object(Illuminate\Http\Request))
#26 F:\laragon\www\zoho-app\vendor\laravel\framework\src\Illuminate\Pipeline\Pipeline.php(167): Illuminate\View\Middleware\ShareErrorsFromSession->handle(Object(Illuminate\Http\Request), Object(Closure))
#27 F:\laragon\www\zoho-app\vendor\laravel\framework\src\Illuminate\Session\Middleware\AuthenticateSession.php(58): Illuminate\Pipeline\Pipeline->Illuminate\Pipeline\{closure}(Object(Illuminate\Http\Request))
#28 F:\laragon\www\zoho-app\vendor\laravel\framework\src\Illuminate\Pipeline\Pipeline.php(167): Illuminate\Session\Middleware\AuthenticateSession->handle(Object(Illuminate\Http\Request), Object(Closure))
#29 F:\laragon\www\zoho-app\vendor\laravel\framework\src\Illuminate\Session\Middleware\StartSession.php(121): Illuminate\Pipeline\Pipeline->Illuminate\Pipeline\{closure}(Object(Illuminate\Http\Request))
#30 F:\laragon\www\zoho-app\vendor\laravel\framework\src\Illuminate\Session\Middleware\StartSession.php(63): Illuminate\Session\Middleware\StartSession->handleStatefulRequest(Object(Illuminate\Http\Request), Object(Illuminate\Session\Store), Object(Closure))
#31 F:\laragon\www\zoho-app\vendor\laravel\framework\src\Illuminate\Pipeline\Pipeline.php(167): Illuminate\Session\Middleware\StartSession->handle(Object(Illuminate\Http\Request), Object(Closure))
#32 F:\laragon\www\zoho-app\vendor\laravel\framework\src\Illuminate\Cookie\Middleware\AddQueuedCookiesToResponse.php(37): Illuminate\Pipeline\Pipeline->Illuminate\Pipeline\{closure}(Object(Illuminate\Http\Request))
#33 F:\laragon\www\zoho-app\vendor\laravel\framework\src\Illuminate\Pipeline\Pipeline.php(167): Illuminate\Cookie\Middleware\AddQueuedCookiesToResponse->handle(Object(Illuminate\Http\Request), Object(Closure))
#34 F:\laragon\www\zoho-app\vendor\laravel\framework\src\Illuminate\Cookie\Middleware\EncryptCookies.php(67): Illuminate\Pipeline\Pipeline->Illuminate\Pipeline\{closure}(Object(Illuminate\Http\Request))
#35 F:\laragon\www\zoho-app\vendor\laravel\framework\src\Illuminate\Pipeline\Pipeline.php(167): Illuminate\Cookie\Middleware\EncryptCookies->handle(Object(Illuminate\Http\Request), Object(Closure))
#36 F:\laragon\www\zoho-app\vendor\laravel\framework\src\Illuminate\Pipeline\Pipeline.php(103): Illuminate\Pipeline\Pipeline->Illuminate\Pipeline\{closure}(Object(Illuminate\Http\Request))
#37 F:\laragon\www\zoho-app\vendor\laravel\framework\src\Illuminate\Routing\Router.php(694): Illuminate\Pipeline\Pipeline->then(Object(Closure))
#38 F:\laragon\www\zoho-app\vendor\laravel\framework\src\Illuminate\Routing\Router.php(669): Illuminate\Routing\Router->runRouteWithinStack(Object(Illuminate\Routing\Route), Object(Illuminate\Http\Request))
#39 F:\laragon\www\zoho-app\vendor\laravel\framework\src\Illuminate\Routing\Router.php(635): Illuminate\Routing\Router->runRoute(Object(Illuminate\Http\Request), Object(Illuminate\Routing\Route))
#40 F:\laragon\www\zoho-app\vendor\laravel\framework\src\Illuminate\Routing\Router.php(624): Illuminate\Routing\Router->dispatchToRoute(Object(Illuminate\Http\Request))
#41 F:\laragon\www\zoho-app\vendor\laravel\framework\src\Illuminate\Foundation\Http\Kernel.php(166): Illuminate\Routing\Router->dispatch(Object(Illuminate\Http\Request))
#42 F:\laragon\www\zoho-app\vendor\laravel\framework\src\Illuminate\Pipeline\Pipeline.php(128): Illuminate\Foundation\Http\Kernel->Illuminate\Foundation\Http\{closure}(Object(Illuminate\Http\Request))
#43 F:\laragon\www\zoho-app\vendor\laravel\framework\src\Illuminate\Foundation\Http\Middleware\ValidatePostSize.php(27): Illuminate\Pipeline\Pipeline->Illuminate\Pipeline\{closure}(Object(Illuminate\Http\Request))
#44 F:\laragon\www\zoho-app\vendor\laravel\framework\src\Illuminate\Pipeline\Pipeline.php(167): Illuminate\Foundation\Http\Middleware\ValidatePostSize->handle(Object(Illuminate\Http\Request), Object(Closure))
#45 F:\laragon\www\zoho-app\vendor\laravel\framework\src\Illuminate\Foundation\Http\Middleware\PreventRequestsDuringMaintenance.php(87): Illuminate\Pipeline\Pipeline->Illuminate\Pipeline\{closure}(Object(Illuminate\Http\Request))
#46 F:\laragon\www\zoho-app\vendor\laravel\framework\src\Illuminate\Pipeline\Pipeline.php(167): Illuminate\Foundation\Http\Middleware\PreventRequestsDuringMaintenance->handle(Object(Illuminate\Http\Request), Object(Closure))
#47 F:\laragon\www\zoho-app\vendor\fruitcake\laravel-cors\src\HandleCors.php(37): Illuminate\Pipeline\Pipeline->Illuminate\Pipeline\{closure}(Object(Illuminate\Http\Request))
#48 F:\laragon\www\zoho-app\vendor\laravel\framework\src\Illuminate\Pipeline\Pipeline.php(167): Fruitcake\Cors\HandleCors->handle(Object(Illuminate\Http\Request), Object(Closure))
#49 F:\laragon\www\zoho-app\vendor\fideloper\proxy\src\TrustProxies.php(57): Illuminate\Pipeline\Pipeline->Illuminate\Pipeline\{closure}(Object(Illuminate\Http\Request))
#50 F:\laragon\www\zoho-app\vendor\laravel\framework\src\Illuminate\Pipeline\Pipeline.php(167): Fideloper\Proxy\TrustProxies->handle(Object(Illuminate\Http\Request), Object(Closure))
#51 F:\laragon\www\zoho-app\vendor\laravel\framework\src\Illuminate\Pipeline\Pipeline.php(103): Illuminate\Pipeline\Pipeline->Illuminate\Pipeline\{closure}(Object(Illuminate\Http\Request))
#52 F:\laragon\www\zoho-app\vendor\laravel\framework\src\Illuminate\Foundation\Http\Kernel.php(141): Illuminate\Pipeline\Pipeline->then(Object(Closure))
#53 F:\laragon\www\zoho-app\vendor\laravel\framework\src\Illuminate\Foundation\Http\Kernel.php(110): Illuminate\Foundation\Http\Kernel->sendRequestThroughRouter(Object(Illuminate\Http\Request))
#54 F:\laragon\www\zoho-app\public\index.php(52): Illuminate\Foundation\Http\Kernel->handle(Object(Illuminate\Http\Request))
#55 {main}
2020-12-15 16:16:46 SEVERE: Exception occured while Saving OAuthTokens to file(file::ZohoOAuthPersistenceByFile)(file_get_contents(/storage/zcrm_oauthtokens.txt): failed to open stream: No such file or directory)
ErrorException: file_get_contents(/storage/zcrm_oauthtokens.txt): failed to open stream: No such file or directory in F:\laragon\www\zoho-app\vendor\zohocrm\php-sdk-archive\src\oauth\persistence\ZohoOAuthPersistenceByFile.php:72
Stack trace:
#0 [internal function]: Illuminate\Foundation\Bootstrap\HandleExceptions->handleError(2, 'file_get_conten...', 'F:\\laragon\\www\\...', 72, Array)
#1 F:\laragon\www\zoho-app\vendor\zohocrm\php-sdk-archive\src\oauth\persistence\ZohoOAuthPersistenceByFile.php(72): file_get_contents('/storage/zcrm_o...')
#2 F:\laragon\www\zoho-app\vendor\zohocrm\php-sdk-archive\src\oauth\persistence\ZohoOAuthPersistenceByFile.php(23): zcrmsdk\oauth\persistence\ZohoOAuthPersistenceByFile->deleteOAuthTokens('st3am.pwr@gmail...')
#3 F:\laragon\www\zoho-app\vendor\zohocrm\php-sdk-archive\src\oauth\ZohoOAuthClient.php(97): zcrmsdk\oauth\persistence\ZohoOAuthPersistenceByFile->saveOAuthData(Object(zcrmsdk\oauth\utility\ZohoOAuthTokens))
#4 F:\laragon\www\zoho-app\vendor\zohocrm\php-sdk-archive\src\oauth\ZohoOAuthClient.php(78): zcrmsdk\oauth\ZohoOAuthClient->refreshAccessToken('1000.07958344b8...', 'st3am.pwr@gmail...')
#5 F:\laragon\www\zoho-app\app\Clients\ZOHOClient.php(33): zcrmsdk\oauth\ZohoOAuthClient->generateAccessTokenFromRefreshToken('1000.07958344b8...', 'st3am.pwr@gmail...')
#6 F:\laragon\www\zoho-app\app\Http\Livewire\LeadCreate.php(33): App\Clients\ZOHOClient->init()
#7 F:\laragon\www\zoho-app\vendor\laravel\framework\src\Illuminate\Container\BoundMethod.php(36): App\Http\Livewire\LeadCreate->saveLead()
#8 F:\laragon\www\zoho-app\vendor\laravel\framework\src\Illuminate\Container\Util.php(40): Illuminate\Container\BoundMethod::Illuminate\Container\{closure}()
#9 F:\laragon\www\zoho-app\vendor\laravel\framework\src\Illuminate\Container\BoundMethod.php(93): Illuminate\Container\Util::unwrapIfClosure(Object(Closure))
#10 F:\laragon\www\zoho-app\vendor\laravel\framework\src\Illuminate\Container\BoundMethod.php(37): Illuminate\Container\BoundMethod::callBoundMethod(Object(Illuminate\Foundation\Application), Array, Object(Closure))
#11 F:\laragon\www\zoho-app\vendor\livewire\livewire\src\ComponentConcerns\HandlesActions.php(138): Illuminate\Container\BoundMethod::call(Object(Illuminate\Foundation\Application), Array, Array)
#12 F:\laragon\www\zoho-app\vendor\livewire\livewire\src\HydrationMiddleware\PerformActionCalls.php(19): Livewire\Component->callMethod('saveLead', Array)
#13 F:\laragon\www\zoho-app\vendor\livewire\livewire\src\LifecycleManager.php(70): Livewire\HydrationMiddleware\PerformActionCalls::hydrate(Object(App\Http\Livewire\LeadCreate), Object(Livewire\Request))
#14 F:\laragon\www\zoho-app\vendor\livewire\livewire\src\Connection\ConnectionHandler.php(12): Livewire\LifecycleManager->hydrate()
#15 F:\laragon\www\zoho-app\vendor\livewire\livewire\src\Controllers\HttpConnectionHandler.php(13): Livewire\Connection\ConnectionHandler->handle(Array)
#16 F:\laragon\www\zoho-app\vendor\laravel\framework\src\Illuminate\Routing\ControllerDispatcher.php(48): Livewire\Controllers\HttpConnectionHandler->__invoke('lead-create')
#17 F:\laragon\www\zoho-app\vendor\laravel\framework\src\Illuminate\Routing\Route.php(254): Illuminate\Routing\ControllerDispatcher->dispatch(Object(Illuminate\Routing\Route), Object(Livewire\Controllers\HttpConnectionHandler), '__invoke')
#18 F:\laragon\www\zoho-app\vendor\laravel\framework\src\Illuminate\Routing\Route.php(197): Illuminate\Routing\Route->runController()
#19 F:\laragon\www\zoho-app\vendor\laravel\framework\src\Illuminate\Routing\Router.php(692): Illuminate\Routing\Route->run()
#20 F:\laragon\www\zoho-app\vendor\laravel\framework\src\Illuminate\Pipeline\Pipeline.php(128): Illuminate\Routing\Router->Illuminate\Routing\{closure}(Object(Illuminate\Http\Request))
#21 F:\laragon\www\zoho-app\vendor\laravel\framework\src\Illuminate\Routing\Middleware\SubstituteBindings.php(41): Illuminate\Pipeline\Pipeline->Illuminate\Pipeline\{closure}(Object(Illuminate\Http\Request))
#22 F:\laragon\www\zoho-app\vendor\laravel\framework\src\Illuminate\Pipeline\Pipeline.php(167): Illuminate\Routing\Middleware\SubstituteBindings->handle(Object(Illuminate\Http\Request), Object(Closure))
#23 F:\laragon\www\zoho-app\vendor\laravel\framework\src\Illuminate\Foundation\Http\Middleware\VerifyCsrfToken.php(77): Illuminate\Pipeline\Pipeline->Illuminate\Pipeline\{closure}(Object(Illuminate\Http\Request))
#24 F:\laragon\www\zoho-app\vendor\laravel\framework\src\Illuminate\Pipeline\Pipeline.php(167): Illuminate\Foundation\Http\Middleware\VerifyCsrfToken->handle(Object(Illuminate\Http\Request), Object(Closure))
#25 F:\laragon\www\zoho-app\vendor\laravel\framework\src\Illuminate\View\Middleware\ShareErrorsFromSession.php(49): Illuminate\Pipeline\Pipeline->Illuminate\Pipeline\{closure}(Object(Illuminate\Http\Request))
#26 F:\laragon\www\zoho-app\vendor\laravel\framework\src\Illuminate\Pipeline\Pipeline.php(167): Illuminate\View\Middleware\ShareErrorsFromSession->handle(Object(Illuminate\Http\Request), Object(Closure))
#27 F:\laragon\www\zoho-app\vendor\laravel\framework\src\Illuminate\Session\Middleware\AuthenticateSession.php(58): Illuminate\Pipeline\Pipeline->Illuminate\Pipeline\{closure}(Object(Illuminate\Http\Request))
#28 F:\laragon\www\zoho-app\vendor\laravel\framework\src\Illuminate\Pipeline\Pipeline.php(167): Illuminate\Session\Middleware\AuthenticateSession->handle(Object(Illuminate\Http\Request), Object(Closure))
#29 F:\laragon\www\zoho-app\vendor\laravel\framework\src\Illuminate\Session\Middleware\StartSession.php(121): Illuminate\Pipeline\Pipeline->Illuminate\Pipeline\{closure}(Object(Illuminate\Http\Request))
#30 F:\laragon\www\zoho-app\vendor\laravel\framework\src\Illuminate\Session\Middleware\StartSession.php(63): Illuminate\Session\Middleware\StartSession->handleStatefulRequest(Object(Illuminate\Http\Request), Object(Illuminate\Session\Store), Object(Closure))
#31 F:\laragon\www\zoho-app\vendor\laravel\framework\src\Illuminate\Pipeline\Pipeline.php(167): Illuminate\Session\Middleware\StartSession->handle(Object(Illuminate\Http\Request), Object(Closure))
#32 F:\laragon\www\zoho-app\vendor\laravel\framework\src\Illuminate\Cookie\Middleware\AddQueuedCookiesToResponse.php(37): Illuminate\Pipeline\Pipeline->Illuminate\Pipeline\{closure}(Object(Illuminate\Http\Request))
#33 F:\laragon\www\zoho-app\vendor\laravel\framework\src\Illuminate\Pipeline\Pipeline.php(167): Illuminate\Cookie\Middleware\AddQueuedCookiesToResponse->handle(Object(Illuminate\Http\Request), Object(Closure))
#34 F:\laragon\www\zoho-app\vendor\laravel\framework\src\Illuminate\Cookie\Middleware\EncryptCookies.php(67): Illuminate\Pipeline\Pipeline->Illuminate\Pipeline\{closure}(Object(Illuminate\Http\Request))
#35 F:\laragon\www\zoho-app\vendor\laravel\framework\src\Illuminate\Pipeline\Pipeline.php(167): Illuminate\Cookie\Middleware\EncryptCookies->handle(Object(Illuminate\Http\Request), Object(Closure))
#36 F:\laragon\www\zoho-app\vendor\laravel\framework\src\Illuminate\Pipeline\Pipeline.php(103): Illuminate\Pipeline\Pipeline->Illuminate\Pipeline\{closure}(Object(Illuminate\Http\Request))
#37 F:\laragon\www\zoho-app\vendor\laravel\framework\src\Illuminate\Routing\Router.php(694): Illuminate\Pipeline\Pipeline->then(Object(Closure))
#38 F:\laragon\www\zoho-app\vendor\laravel\framework\src\Illuminate\Routing\Router.php(669): Illuminate\Routing\Router->runRouteWithinStack(Object(Illuminate\Routing\Route), Object(Illuminate\Http\Request))
#39 F:\laragon\www\zoho-app\vendor\laravel\framework\src\Illuminate\Routing\Router.php(635): Illuminate\Routing\Router->runRoute(Object(Illuminate\Http\Request), Object(Illuminate\Routing\Route))
#40 F:\laragon\www\zoho-app\vendor\laravel\framework\src\Illuminate\Routing\Router.php(624): Illuminate\Routing\Router->dispatchToRoute(Object(Illuminate\Http\Request))
#41 F:\laragon\www\zoho-app\vendor\laravel\framework\src\Illuminate\Foundation\Http\Kernel.php(166): Illuminate\Routing\Router->dispatch(Object(Illuminate\Http\Request))
#42 F:\laragon\www\zoho-app\vendor\laravel\framework\src\Illuminate\Pipeline\Pipeline.php(128): Illuminate\Foundation\Http\Kernel->Illuminate\Foundation\Http\{closure}(Object(Illuminate\Http\Request))
#43 F:\laragon\www\zoho-app\vendor\laravel\framework\src\Illuminate\Foundation\Http\Middleware\ValidatePostSize.php(27): Illuminate\Pipeline\Pipeline->Illuminate\Pipeline\{closure}(Object(Illuminate\Http\Request))
#44 F:\laragon\www\zoho-app\vendor\laravel\framework\src\Illuminate\Pipeline\Pipeline.php(167): Illuminate\Foundation\Http\Middleware\ValidatePostSize->handle(Object(Illuminate\Http\Request), Object(Closure))
#45 F:\laragon\www\zoho-app\vendor\laravel\framework\src\Illuminate\Foundation\Http\Middleware\PreventRequestsDuringMaintenance.php(87): Illuminate\Pipeline\Pipeline->Illuminate\Pipeline\{closure}(Object(Illuminate\Http\Request))
#46 F:\laragon\www\zoho-app\vendor\laravel\framework\src\Illuminate\Pipeline\Pipeline.php(167): Illuminate\Foundation\Http\Middleware\PreventRequestsDuringMaintenance->handle(Object(Illuminate\Http\Request), Object(Closure))
#47 F:\laragon\www\zoho-app\vendor\fruitcake\laravel-cors\src\HandleCors.php(37): Illuminate\Pipeline\Pipeline->Illuminate\Pipeline\{closure}(Object(Illuminate\Http\Request))
#48 F:\laragon\www\zoho-app\vendor\laravel\framework\src\Illuminate\Pipeline\Pipeline.php(167): Fruitcake\Cors\HandleCors->handle(Object(Illuminate\Http\Request), Object(Closure))
#49 F:\laragon\www\zoho-app\vendor\fideloper\proxy\src\TrustProxies.php(57): Illuminate\Pipeline\Pipeline->Illuminate\Pipeline\{closure}(Object(Illuminate\Http\Request))
#50 F:\laragon\www\zoho-app\vendor\laravel\framework\src\Illuminate\Pipeline\Pipeline.php(167): Fideloper\Proxy\TrustProxies->handle(Object(Illuminate\Http\Request), Object(Closure))
#51 F:\laragon\www\zoho-app\vendor\laravel\framework\src\Illuminate\Pipeline\Pipeline.php(103): Illuminate\Pipeline\Pipeline->Illuminate\Pipeline\{closure}(Object(Illuminate\Http\Request))
#52 F:\laragon\www\zoho-app\vendor\laravel\framework\src\Illuminate\Foundation\Http\Kernel.php(141): Illuminate\Pipeline\Pipeline->then(Object(Closure))
#53 F:\laragon\www\zoho-app\vendor\laravel\framework\src\Illuminate\Foundation\Http\Kernel.php(110): Illuminate\Foundation\Http\Kernel->sendRequestThroughRouter(Object(Illuminate\Http\Request))
#54 F:\laragon\www\zoho-app\public\index.php(52): Illuminate\Foundation\Http\Kernel->handle(Object(Illuminate\Http\Request))
#55 {main}
